<?xml version="1.0" encoding="UTF-8"?>
<testsuite xmlns:xsi="http://www.w3.org/2001/XMLSchema-instance" xsi:noNamespaceSchemaLocation="https://maven.apache.org/surefire/maven-surefire-plugin/xsd/surefire-test-report-3.0.xsd" version="3.0" name="TestSuite" time="89.126" tests="3" errors="0" skipped="2" failures="1">
  <properties>
[...]
</properties>
  <testcase name="testCheckoutFlow[{&quot;login&quot;:{&quot;email&quot;:&quot;yogeshdesai2964@gmail.com&quot;,&quot;password&quot;:&quot;Ymd@4898&quot;},&quot;product&quot;:{&quot;name&quot;:&quot;Redmi Note 13 5G (Chromatic Purple, 8GB RAM, 256GB Storage)&quot;},&quot;payment&quot;:{&quot;option&quot;:&quot;Cash on Delivery/Pay on Delivery&quot;}}](1)" classname="com.example.tests.CheckoutTest" time="0">
    <skipped message="Expected condition failed: waiting for element to be clickable: By.xpath: /html/body/div[5]/div[1]/div/div/div/div[2]/div/div[8]/div[2]/div[2]/div/span/span/span/input (tried for 10 second(s) with 500 milliseconds interval)&#10;Build info: version: &apos;4.8.0&apos;, revision: &apos;267030adea&apos;&#10;System info: os.name: &apos;Windows 11&apos;, os.arch: &apos;amd64&apos;, os.version: &apos;10.0&apos;, java.version: &apos;23.0.1&apos;&#10;Driver info: org.openqa.selenium.chrome.ChromeDriver&#10;Capabilities {acceptInsecureCerts: false, browserName: chrome, browserVersion: 134.0.6998.165, chrome: {chromedriverVersion: 133.0.6943.126 (cffa127ce7b..., userDataDir: C:\Users\yoges\AppData\Loca...}, fedcm:accounts: true, goog:chromeOptions: {debuggerAddress: localhost:62024}, networkConnectionEnabled: false, pageLoadStrategy: normal, platformName: WINDOWS, proxy: Proxy(), se:cdp: ws://localhost:62024/devtoo..., se:cdpVersion: 134.0.6998.165, setWindowRect: true, strictFileInteractability: false, timeouts: {implicit: 0, pageLoad: 300000, script: 30000}, unhandledPromptBehavior: dismiss and notify, webauthn:extension:credBlob: true, webauthn:extension:largeBlob: true, webauthn:extension:minPinLength: true, webauthn:extension:prf: true, webauthn:virtualAuthenticators: true}&#10;Session ID: c09bf5c52a7de47d06743021a3b3d038"/>
    <system-err><![CDATA[[main] INFO com.example.listeners.TestListener - Test execution started: CheckoutTest
Starting ChromeDriver 133.0.6943.126 (cffa127ce7b6be72885391527c15b452056a2e81-refs/branch-heads/6943@{#1570}) on port 43221
Only local connections are allowed.
Please see https://chromedriver.chromium.org/security-considerations for suggestions on keeping ChromeDriver safe.
ChromeDriver was started successfully on port 43221.
[1743149130.867][WARNING]: This version of ChromeDriver has not been tested with Chrome version 134.
Mar 28, 2025 1:35:31 PM org.openqa.selenium.devtools.CdpVersionFinder findNearestMatch
WARNING: Unable to find CDP implementation matching 134
Mar 28, 2025 1:35:31 PM org.openqa.selenium.chromium.ChromiumDriver lambda$new$3
WARNING: Unable to find version of CDP to use for . You may need to include a dependency on a specific version of the CDP using something similar to `org.seleniumhq.selenium:selenium-devtools-v86:4.8.0` where the version ("v86") matches the version of the chromium-based browser you're using and the version number of the artifact is the same as Selenium's.
[main] INFO com.example.listeners.TestListener - Test started: testCheckoutFlow
[main] INFO com.example.tests.CheckoutTest - Starting checkout flow with email: yogeshdesai2964@gmail.com, product: Redmi Note 13 5G (Chromatic Purple, 8GB RAM, 256GB Storage), payment option: Cash on Delivery/Pay on Delivery
[main] INFO com.example.pages.LoginPage - Clicking on the sign-in link.
[main] INFO com.example.pages.LoginPage - Entering email: yogeshdesai2964@gmail.com
[main] INFO com.example.pages.LoginPage - Clicking on the continue button.
[main] INFO com.example.pages.LoginPage - Entering password.
[main] INFO com.example.pages.LoginPage - Clicking on the submit button to log in.
[main] INFO com.example.pages.ProductPage - Attempting to add product 'Redmi Note 13 5G (Chromatic Purple, 8GB RAM, 256GB Storage)' to the cart.
[main] INFO com.example.pages.ProductPage - Product 'Redmi Note 13 5G (Chromatic Purple, 8GB RAM, 256GB Storage)' added to cart.
[main] INFO com.example.pages.CartPage - Found Cart Product: 
[main] INFO com.example.pages.CartPage - Found Cart Product: 
[main] WARN com.example.pages.PaymentPage - Skipping an option due to missing elements: no such element: Unable to locate element: {"method":"tag name","selector":"label"}
  (Session info: chrome=134.0.6998.165)
For documentation on this error, please visit: https://selenium.dev/exceptions/#no_such_element
Build info: version: '4.8.0', revision: '267030adea'
System info: os.name: 'Windows 11', os.arch: 'amd64', os.version: '10.0', java.version: '23.0.1'
Driver info: org.openqa.selenium.chrome.ChromeDriver
Command: [c09bf5c52a7de47d06743021a3b3d038, findChildElement {id=f.FDDB2FC5DF3D1CE5CB387EC7CFEB9D90.d.BA504618552C7F129CC3E59993402089.e.564, using=tag name, value=label}]
Capabilities {acceptInsecureCerts: false, browserName: chrome, browserVersion: 134.0.6998.165, chrome: {chromedriverVersion: 133.0.6943.126 (cffa127ce7b..., userDataDir: C:\Users\yoges\AppData\Loca...}, fedcm:accounts: true, goog:chromeOptions: {debuggerAddress: localhost:62024}, networkConnectionEnabled: false, pageLoadStrategy: normal, platformName: WINDOWS, proxy: Proxy(), se:cdp: ws://localhost:62024/devtoo..., se:cdpVersion: 134.0.6998.165, setWindowRect: true, strictFileInteractability: false, timeouts: {implicit: 0, pageLoad: 300000, script: 30000}, unhandledPromptBehavior: dismiss and notify, webauthn:extension:credBlob: true, webauthn:extension:largeBlob: true, webauthn:extension:minPinLength: true, webauthn:extension:prf: true, webauthn:virtualAuthenticators: true}
Session ID: c09bf5c52a7de47d06743021a3b3d038
[main] WARN com.example.pages.PaymentPage - Skipping an option due to missing elements: no such element: Unable to locate element: {"method":"tag name","selector":"label"}
  (Session info: chrome=134.0.6998.165)
For documentation on this error, please visit: https://selenium.dev/exceptions/#no_such_element
Build info: version: '4.8.0', revision: '267030adea'
System info: os.name: 'Windows 11', os.arch: 'amd64', os.version: '10.0', java.version: '23.0.1'
Driver info: org.openqa.selenium.chrome.ChromeDriver
Command: [c09bf5c52a7de47d06743021a3b3d038, findChildElement {id=f.FDDB2FC5DF3D1CE5CB387EC7CFEB9D90.d.BA504618552C7F129CC3E59993402089.e.565, using=tag name, value=label}]
Capabilities {acceptInsecureCerts: false, browserName: chrome, browserVersion: 134.0.6998.165, chrome: {chromedriverVersion: 133.0.6943.126 (cffa127ce7b..., userDataDir: C:\Users\yoges\AppData\Loca...}, fedcm:accounts: true, goog:chromeOptions: {debuggerAddress: localhost:62024}, networkConnectionEnabled: false, pageLoadStrategy: normal, platformName: WINDOWS, proxy: Proxy(), se:cdp: ws://localhost:62024/devtoo..., se:cdpVersion: 134.0.6998.165, setWindowRect: true, strictFileInteractability: false, timeouts: {implicit: 0, pageLoad: 300000, script: 30000}, unhandledPromptBehavior: dismiss and notify, webauthn:extension:credBlob: true, webauthn:extension:largeBlob: true, webauthn:extension:minPinLength: true, webauthn:extension:prf: true, webauthn:virtualAuthenticators: true}
Session ID: c09bf5c52a7de47d06743021a3b3d038
[main] WARN com.example.pages.PaymentPage - Skipping an option due to missing elements: no such element: Unable to locate element: {"method":"tag name","selector":"label"}
  (Session info: chrome=134.0.6998.165)
For documentation on this error, please visit: https://selenium.dev/exceptions/#no_such_element
Build info: version: '4.8.0', revision: '267030adea'
System info: os.name: 'Windows 11', os.arch: 'amd64', os.version: '10.0', java.version: '23.0.1'
Driver info: org.openqa.selenium.chrome.ChromeDriver
Command: [c09bf5c52a7de47d06743021a3b3d038, findChildElement {id=f.FDDB2FC5DF3D1CE5CB387EC7CFEB9D90.d.BA504618552C7F129CC3E59993402089.e.532, using=tag name, value=label}]
Capabilities {acceptInsecureCerts: false, browserName: chrome, browserVersion: 134.0.6998.165, chrome: {chromedriverVersion: 133.0.6943.126 (cffa127ce7b..., userDataDir: C:\Users\yoges\AppData\Loca...}, fedcm:accounts: true, goog:chromeOptions: {debuggerAddress: localhost:62024}, networkConnectionEnabled: false, pageLoadStrategy: normal, platformName: WINDOWS, proxy: Proxy(), se:cdp: ws://localhost:62024/devtoo..., se:cdpVersion: 134.0.6998.165, setWindowRect: true, strictFileInteractability: false, timeouts: {implicit: 0, pageLoad: 300000, script: 30000}, unhandledPromptBehavior: dismiss and notify, webauthn:extension:credBlob: true, webauthn:extension:largeBlob: true, webauthn:extension:minPinLength: true, webauthn:extension:prf: true, webauthn:virtualAuthenticators: true}
Session ID: c09bf5c52a7de47d06743021a3b3d038
]]></system-err>
  </testcase>
  <testcase name="testCheckoutFlow[{&quot;login&quot;:{&quot;email&quot;:&quot;yogeshdesai2964@gmail.com&quot;,&quot;password&quot;:&quot;Ymd@4898&quot;},&quot;product&quot;:{&quot;name&quot;:&quot;Redmi Note 13 5G (Chromatic Purple, 8GB RAM, 256GB Storage)&quot;},&quot;payment&quot;:{&quot;option&quot;:&quot;Cash on Delivery/Pay on Delivery&quot;}}](2)" classname="com.example.tests.CheckoutTest" time="0">
    <skipped message="no such element: Unable to locate element: {&quot;method&quot;:&quot;css selector&quot;,&quot;selector&quot;:&quot;#nav\-link\-accountList&quot;}&#10;  (Session info: chrome=134.0.6998.165)&#10;For documentation on this error, please visit: https://selenium.dev/exceptions/#no_such_element&#10;Build info: version: &apos;4.8.0&apos;, revision: &apos;267030adea&apos;&#10;System info: os.name: &apos;Windows 11&apos;, os.arch: &apos;amd64&apos;, os.version: &apos;10.0&apos;, java.version: &apos;23.0.1&apos;&#10;Driver info: org.openqa.selenium.chrome.ChromeDriver&#10;Command: [c09bf5c52a7de47d06743021a3b3d038, findElement {using=id, value=nav-link-accountList}]&#10;Capabilities {acceptInsecureCerts: false, browserName: chrome, browserVersion: 134.0.6998.165, chrome: {chromedriverVersion: 133.0.6943.126 (cffa127ce7b..., userDataDir: C:\Users\yoges\AppData\Loca...}, fedcm:accounts: true, goog:chromeOptions: {debuggerAddress: localhost:62024}, networkConnectionEnabled: false, pageLoadStrategy: normal, platformName: WINDOWS, proxy: Proxy(), se:cdp: ws://localhost:62024/devtoo..., se:cdpVersion: 134.0.6998.165, setWindowRect: true, strictFileInteractability: false, timeouts: {implicit: 0, pageLoad: 300000, script: 30000}, unhandledPromptBehavior: dismiss and notify, webauthn:extension:credBlob: true, webauthn:extension:largeBlob: true, webauthn:extension:minPinLength: true, webauthn:extension:prf: true, webauthn:virtualAuthenticators: true}&#10;Session ID: c09bf5c52a7de47d06743021a3b3d038"/>
    <system-err><![CDATA[[main] WARN com.example.listeners.TestListener - Test skipped: testCheckoutFlow
[main] INFO com.example.listeners.TestListener - Test started: testCheckoutFlow
[main] INFO com.example.tests.CheckoutTest - Starting checkout flow with email: yogeshdesai2964@gmail.com, product: Redmi Note 13 5G (Chromatic Purple, 8GB RAM, 256GB Storage), payment option: Cash on Delivery/Pay on Delivery
[main] INFO com.example.pages.LoginPage - Clicking on the sign-in link.
]]></system-err>
  </testcase>
  <testcase name="testCheckoutFlow[{&quot;login&quot;:{&quot;email&quot;:&quot;yogeshdesai2964@gmail.com&quot;,&quot;password&quot;:&quot;Ymd@4898&quot;},&quot;product&quot;:{&quot;name&quot;:&quot;Redmi Note 13 5G (Chromatic Purple, 8GB RAM, 256GB Storage)&quot;},&quot;payment&quot;:{&quot;option&quot;:&quot;Cash on Delivery/Pay on Delivery&quot;}}](3)" classname="com.example.tests.CheckoutTest" time="10.037">
    <failure message="no such element: Unable to locate element: {&quot;method&quot;:&quot;css selector&quot;,&quot;selector&quot;:&quot;#nav\-link\-accountList&quot;}&#10;  (Session info: chrome=134.0.6998.165)&#10;For documentation on this error, please visit: https://selenium.dev/exceptions/#no_such_element&#10;Build info: version: &apos;4.8.0&apos;, revision: &apos;267030adea&apos;&#10;System info: os.name: &apos;Windows 11&apos;, os.arch: &apos;amd64&apos;, os.version: &apos;10.0&apos;, java.version: &apos;23.0.1&apos;&#10;Driver info: org.openqa.selenium.chrome.ChromeDriver&#10;Command: [c09bf5c52a7de47d06743021a3b3d038, findElement {using=id, value=nav-link-accountList}]&#10;Capabilities {acceptInsecureCerts: false, browserName: chrome, browserVersion: 134.0.6998.165, chrome: {chromedriverVersion: 133.0.6943.126 (cffa127ce7b..., userDataDir: C:\Users\yoges\AppData\Loca...}, fedcm:accounts: true, goog:chromeOptions: {debuggerAddress: localhost:62024}, networkConnectionEnabled: false, pageLoadStrategy: normal, platformName: WINDOWS, proxy: Proxy(), se:cdp: ws://localhost:62024/devtoo..., se:cdpVersion: 134.0.6998.165, setWindowRect: true, strictFileInteractability: false, timeouts: {implicit: 0, pageLoad: 300000, script: 30000}, unhandledPromptBehavior: dismiss and notify, webauthn:extension:credBlob: true, webauthn:extension:largeBlob: true, webauthn:extension:minPinLength: true, webauthn:extension:prf: true, webauthn:virtualAuthenticators: true}&#10;Session ID: c09bf5c52a7de47d06743021a3b3d038" type="org.openqa.selenium.NoSuchElementException"><![CDATA[org.openqa.selenium.NoSuchElementException: 
no such element: Unable to locate element: {"method":"css selector","selector":"#nav\-link\-accountList"}
  (Session info: chrome=134.0.6998.165)
For documentation on this error, please visit: https://selenium.dev/exceptions/#no_such_element
Build info: version: '4.8.0', revision: '267030adea'
System info: os.name: 'Windows 11', os.arch: 'amd64', os.version: '10.0', java.version: '23.0.1'
Driver info: org.openqa.selenium.chrome.ChromeDriver
Command: [c09bf5c52a7de47d06743021a3b3d038, findElement {using=id, value=nav-link-accountList}]
Capabilities {acceptInsecureCerts: false, browserName: chrome, browserVersion: 134.0.6998.165, chrome: {chromedriverVersion: 133.0.6943.126 (cffa127ce7b..., userDataDir: C:\Users\yoges\AppData\Loca...}, fedcm:accounts: true, goog:chromeOptions: {debuggerAddress: localhost:62024}, networkConnectionEnabled: false, pageLoadStrategy: normal, platformName: WINDOWS, proxy: Proxy(), se:cdp: ws://localhost:62024/devtoo..., se:cdpVersion: 134.0.6998.165, setWindowRect: true, strictFileInteractability: false, timeouts: {implicit: 0, pageLoad: 300000, script: 30000}, unhandledPromptBehavior: dismiss and notify, webauthn:extension:credBlob: true, webauthn:extension:largeBlob: true, webauthn:extension:minPinLength: true, webauthn:extension:prf: true, webauthn:virtualAuthenticators: true}
Session ID: c09bf5c52a7de47d06743021a3b3d038
	at java.base/jdk.internal.reflect.DirectConstructorHandleAccessor.newInstance(DirectConstructorHandleAccessor.java:62)
	at java.base/java.lang.reflect.Constructor.newInstanceWithCaller(Constructor.java:501)
	at java.base/java.lang.reflect.Constructor.newInstance(Constructor.java:485)
	at org.openqa.selenium.remote.codec.w3c.W3CHttpResponseCodec.createException(W3CHttpResponseCodec.java:200)
	at org.openqa.selenium.remote.codec.w3c.W3CHttpResponseCodec.decode(W3CHttpResponseCodec.java:133)
	at org.openqa.selenium.remote.codec.w3c.W3CHttpResponseCodec.decode(W3CHttpResponseCodec.java:53)
	at org.openqa.selenium.remote.HttpCommandExecutor.execute(HttpCommandExecutor.java:184)
	at org.openqa.selenium.remote.service.DriverCommandExecutor.invokeExecute(DriverCommandExecutor.java:167)
	at org.openqa.selenium.remote.service.DriverCommandExecutor.execute(DriverCommandExecutor.java:142)
	at org.openqa.selenium.remote.RemoteWebDriver.execute(RemoteWebDriver.java:543)
	at org.openqa.selenium.remote.ElementLocation$ElementFinder$2.findElement(ElementLocation.java:162)
	at org.openqa.selenium.remote.ElementLocation.findElement(ElementLocation.java:60)
	at org.openqa.selenium.remote.RemoteWebDriver.findElement(RemoteWebDriver.java:352)
	at org.openqa.selenium.remote.RemoteWebDriver.findElement(RemoteWebDriver.java:344)
	at com.example.pages.LoginPage.login(LoginPage.java:39)
	at com.example.tests.CheckoutTest.testCheckoutFlow(CheckoutTest.java:48)
	at java.base/jdk.internal.reflect.DirectMethodHandleAccessor.invoke(DirectMethodHandleAccessor.java:103)
	at java.base/java.lang.reflect.Method.invoke(Method.java:580)
	at org.testng.internal.MethodInvocationHelper.invokeMethod(MethodInvocationHelper.java:133)
	at org.testng.internal.TestInvoker.invokeMethod(TestInvoker.java:598)
	at org.testng.internal.TestInvoker.retryFailed(TestInvoker.java:213)
	at org.testng.internal.MethodRunner.runInSequence(MethodRunner.java:58)
	at org.testng.internal.TestInvoker$MethodInvocationAgent.invoke(TestInvoker.java:824)
	at org.testng.internal.TestInvoker.invokeTestMethods(TestInvoker.java:146)
	at org.testng.internal.TestMethodWorker.invokeTestMethods(TestMethodWorker.java:146)
	at org.testng.internal.TestMethodWorker.run(TestMethodWorker.java:128)
	at java.base/java.util.ArrayList.forEach(ArrayList.java:1597)
	at org.testng.TestRunner.privateRun(TestRunner.java:794)
	at org.testng.TestRunner.run(TestRunner.java:596)
	at org.testng.SuiteRunner.runTest(SuiteRunner.java:377)
	at org.testng.SuiteRunner.runSequentially(SuiteRunner.java:371)
	at org.testng.SuiteRunner.privateRun(SuiteRunner.java:332)
	at org.testng.SuiteRunner.run(SuiteRunner.java:276)
	at org.testng.SuiteRunnerWorker.runSuite(SuiteRunnerWorker.java:53)
	at org.testng.SuiteRunnerWorker.run(SuiteRunnerWorker.java:96)
	at org.testng.TestNG.runSuitesSequentially(TestNG.java:1212)
	at org.testng.TestNG.runSuitesLocally(TestNG.java:1134)
	at org.testng.TestNG.runSuites(TestNG.java:1063)
	at org.testng.TestNG.run(TestNG.java:1031)
	at org.apache.maven.surefire.testng.TestNGExecutor.run(TestNGExecutor.java:324)
	at org.apache.maven.surefire.testng.TestNGXmlTestSuite.execute(TestNGXmlTestSuite.java:74)
	at org.apache.maven.surefire.testng.TestNGProvider.invoke(TestNGProvider.java:123)
	at org.apache.maven.surefire.booter.ForkedBooter.runSuitesInProcess(ForkedBooter.java:456)
	at org.apache.maven.surefire.booter.ForkedBooter.execute(ForkedBooter.java:169)
	at org.apache.maven.surefire.booter.ForkedBooter.run(ForkedBooter.java:595)
	at org.apache.maven.surefire.booter.ForkedBooter.main(ForkedBooter.java:581)
]]></failure>
    <system-err><![CDATA[[main] WARN com.example.listeners.TestListener - Test skipped: testCheckoutFlow
[main] INFO com.example.listeners.TestListener - Test started: testCheckoutFlow
[main] INFO com.example.tests.CheckoutTest - Starting checkout flow with email: yogeshdesai2964@gmail.com, product: Redmi Note 13 5G (Chromatic Purple, 8GB RAM, 256GB Storage), payment option: Cash on Delivery/Pay on Delivery
[main] INFO com.example.pages.LoginPage - Clicking on the sign-in link.
]]></system-err>
  </testcase>
</testsuite>